<?xml version="1.0" encoding="UTF-8"?>
<!-- Generated by org.testng.reporters.JUnitXMLReporter -->
<testsuite ignored="6" hostname="DESKTOP-N1QDEH3" failures="7" tests="10" name="Test" time="2.831" errors="0" timestamp="2023-09-20T11:48:28 BDT">
  <testcase classname="tests.LoginTests" name="loginToSauceDemo" time="1.961"/>
  <testcase classname="tests.MarketTests" name="AddToCart" time="0.273"/>
  <testcase classname="tests.CheckoutTest" name="checkout" time="0.552"/>
  <testcase classname="tests.LoginTests" name="loginToSauceDemo" time="0.003">
    <failure type="java.lang.NullPointerException">
      <![CDATA[java.lang.NullPointerException
at pages.LoginPage.openPotal(LoginPage.java:21)
at tests.LoginTests.loginToSauceDemo(LoginTests.java:23)
at java.base/java.util.ArrayList.forEach(ArrayList.java:1507)
... Removed 27 stack frames]]>
    </failure>
  </testcase> <!-- loginToSauceDemo -->
  <testcase classname="tests.MarketTests" name="AddToCart" time="0.001">
    <failure type="java.lang.NullPointerException">
      <![CDATA[java.lang.NullPointerException
at model.CommonMethods.clickAnything(CommonMethods.java:26)
at pages.MarketPage.viewFirstProduct(MarketPage.java:20)
at tests.MarketTests.AddToCart(MarketTests.java:17)
at java.base/java.util.ArrayList.forEach(ArrayList.java:1507)
... Removed 27 stack frames]]>
    </failure>
  </testcase> <!-- AddToCart -->
  <testcase classname="tests.CheckoutTest" name="checkout" time="0.0">
    <failure type="java.lang.NullPointerException">
      <![CDATA[java.lang.NullPointerException
at model.CommonMethods.clickAnything(CommonMethods.java:26)
at pages.CheckoutPage.checkoutStart(CheckoutPage.java:22)
at tests.CheckoutTest.checkout(CheckoutTest.java:19)
at java.base/java.util.ArrayList.forEach(ArrayList.java:1507)
... Removed 27 stack frames]]>
    </failure>
  </testcase> <!-- checkout -->
  <testcase classname="tests.LogoutTests" name="LogoutFromSauceDemo" time="0.002">
    <failure type="java.lang.NullPointerException">
      <![CDATA[java.lang.NullPointerException
at model.CommonMethods.clickAnything(CommonMethods.java:26)
at pages.LogoutPage.logout(LogoutPage.java:22)
at tests.LogoutTests.LogoutFromSauceDemo(LogoutTests.java:19)
at java.base/java.util.ArrayList.forEach(ArrayList.java:1507)
... Removed 27 stack frames]]>
    </failure>
  </testcase> <!-- LogoutFromSauceDemo -->
  <testcase classname="tests.LoginTests" name="loginToSauceDemo" time="0.001">
    <failure type="java.lang.NullPointerException">
      <![CDATA[java.lang.NullPointerException
at pages.LoginPage.openPotal(LoginPage.java:21)
at tests.LoginTests.loginToSauceDemo(LoginTests.java:23)
at java.base/java.util.ArrayList.forEach(ArrayList.java:1507)
... Removed 27 stack frames]]>
    </failure>
  </testcase> <!-- loginToSauceDemo -->
  <testcase classname="tests.LoginTests" name="loginToSauceDemo" time="0.0">
    <failure type="java.lang.NullPointerException">
      <![CDATA[java.lang.NullPointerException
at pages.LoginPage.openPotal(LoginPage.java:21)
at tests.LoginTests.loginToSauceDemo(LoginTests.java:23)
at java.base/java.util.ArrayList.forEach(ArrayList.java:1507)
... Removed 27 stack frames]]>
    </failure>
  </testcase> <!-- loginToSauceDemo -->
  <testcase classname="tests.MarketTests" name="AddToCart" time="0.001">
    <failure type="java.lang.NullPointerException">
      <![CDATA[java.lang.NullPointerException
at model.CommonMethods.clickAnything(CommonMethods.java:26)
at pages.MarketPage.viewFirstProduct(MarketPage.java:20)
at tests.MarketTests.AddToCart(MarketTests.java:17)
at java.base/java.util.ArrayList.forEach(ArrayList.java:1507)
... Removed 27 stack frames]]>
    </failure>
  </testcase> <!-- AddToCart -->
  <testcase classname="base.Base" name="@BeforeSuite setDriver" time="0.0">
    <ignored/>
  </testcase> <!-- @BeforeSuite setDriver -->
  <testcase classname="base.Base" name="@BeforeSuite setDriver" time="0.0">
    <ignored/>
  </testcase> <!-- @BeforeSuite setDriver -->
  <testcase classname="base.Base" name="@BeforeSuite setDriver" time="0.0">
    <ignored/>
  </testcase> <!-- @BeforeSuite setDriver -->
  <testcase classname="base.Base" name="@AfterSuite closeBrowser" time="0.0">
    <ignored/>
  </testcase> <!-- @AfterSuite closeBrowser -->
  <testcase classname="base.Base" name="@AfterSuite closeBrowser" time="0.0">
    <ignored/>
  </testcase> <!-- @AfterSuite closeBrowser -->
  <testcase classname="base.Base" name="@AfterSuite closeBrowser" time="0.0">
    <ignored/>
  </testcase> <!-- @AfterSuite closeBrowser -->
</testsuite> <!-- Test -->
